              :-) GROMACS - gmx mdrun, 2021.5-plumed-2.8.0-dev (-:

                            GROMACS is written by:
     Andrey Alekseenko              Emile Apol              Rossen Apostolov     
         Paul Bauer           Herman J.C. Berendsen           Par Bjelkmar       
       Christian Blau           Viacheslav Bolnykh             Kevin Boyd        
     Aldert van Buuren           Rudi van Drunen             Anton Feenstra      
    Gilles Gouaillardet             Alan Gray               Gerrit Groenhof      
       Anca Hamuraru            Vincent Hindriksen          M. Eric Irrgang      
      Aleksei Iupinov           Christoph Junghans             Joe Jordan        
    Dimitrios Karkoulis            Peter Kasson                Jiri Kraus        
      Carsten Kutzner              Per Larsson              Justin A. Lemkul     
       Viveca Lindahl            Magnus Lundborg             Erik Marklund       
        Pascal Merz             Pieter Meulenhoff            Teemu Murtola       
        Szilard Pall               Sander Pronk              Roland Schulz       
       Michael Shirts            Alexey Shvetsov             Alfons Sijbers      
       Peter Tieleman              Jon Vincent              Teemu Virolainen     
     Christian Wennberg            Maarten Wolf              Artem Zhmurov       
                           and the project leaders:
        Mark Abraham, Berk Hess, Erik Lindahl, and David van der Spoel

Copyright (c) 1991-2000, University of Groningen, The Netherlands.
Copyright (c) 2001-2019, The GROMACS development team at
Uppsala University, Stockholm University and
the Royal Institute of Technology, Sweden.
check out http://www.gromacs.org for more information.

GROMACS is free software; you can redistribute it and/or modify it
under the terms of the GNU Lesser General Public License
as published by the Free Software Foundation; either version 2.1
of the License, or (at your option) any later version.

GROMACS:      gmx mdrun, version 2021.5-plumed-2.8.0-dev
Executable:   /home/lbonati@iit.local/software/gromacs2021/bin/gmx_mpi
Data prefix:  /home/lbonati@iit.local/software/gromacs2021
Working dir:  /home/lbonati@iit.local/work/masterclass-plumed/1_DeepLDA/0_unbiased-sB
Process ID:   1811810
Command line:
  gmx_mpi mdrun -s input.tpr -deffnm alanine -plumed plumed.dat -ntomp 1 -nsteps 500000

GROMACS version:    2021.5-plumed-2.8.0-dev
Precision:          mixed
Memory model:       64 bit
MPI library:        MPI
OpenMP support:     enabled (GMX_OPENMP_MAX_THREADS = 64)
GPU support:        CUDA
SIMD instructions:  AVX2_256
FFT library:        fftw-3.3.8-sse2-avx-avx2-avx2_128
RDTSCP usage:       enabled
TNG support:        enabled
Hwloc support:      disabled
Tracing support:    disabled
C compiler:         /usr/bin/cc GNU 9.3.0
C compiler flags:   -mavx2 -mfma -pthread -Wno-missing-field-initializers -fexcess-precision=fast -funroll-all-loops -O3 -DNDEBUG
C++ compiler:       /usr/bin/c++ GNU 9.3.0
C++ compiler flags: -mavx2 -mfma -pthread -Wno-missing-field-initializers -fexcess-precision=fast -funroll-all-loops -fopenmp -O3 -DNDEBUG
CUDA compiler:      /usr/local/cuda/bin/nvcc nvcc: NVIDIA (R) Cuda compiler driver;Copyright (c) 2005-2021 NVIDIA Corporation;Built on Sun_Mar_21_19:15:46_PDT_2021;Cuda compilation tools, release 11.3, V11.3.58;Build cuda_11.3.r11.3/compiler.29745058_0
CUDA compiler flags:-std=c++17;-gencode;arch=compute_70,code=sm_70;-gencode;arch=compute_80,code=sm_80;-use_fast_math;-D_FORCE_INLINES;-mavx2 -mfma -pthread -Wno-missing-field-initializers -fexcess-precision=fast -funroll-all-loops -fopenmp -O3 -DNDEBUG
CUDA driver:        11.30
CUDA runtime:       N/A


Running on 1 node with total 32 cores, 64 logical cores (GPU detection failed)
Hardware detected on host IITASDW004 (the node of MPI rank 0):
  CPU info:
    Vendor: AMD
    Brand:  AMD Ryzen Threadripper PRO 3975WX 32-Cores     
    Family: 23   Model: 49   Stepping: 0
    Features: aes amd apic avx avx2 clfsh cmov cx8 cx16 f16c fma htt lahf misalignsse mmx msr nonstop_tsc pclmuldq pdpe1gb popcnt pse rdrnd rdtscp sha sse2 sse3 sse4a sse4.1 sse4.2 ssse3
  Hardware topology: Basic
    Sockets, cores, and logical processors:
      Socket  0: [   0  32] [   1  33] [   2  34] [   3  35] [   4  36] [   5  37] [   6  38] [   7  39] [   8  40] [   9  41] [  10  42] [  11  43] [  12  44] [  13  45] [  14  46] [  15  47] [  16  48] [  17  49] [  18  50] [  19  51] [  20  52] [  21  53] [  22  54] [  23  55] [  24  56] [  25  57] [  26  58] [  27  59] [  28  60] [  29  61] [  30  62] [  31  63]


++++ PLEASE READ AND CITE THE FOLLOWING REFERENCE ++++
M. J. Abraham, T. Murtola, R. Schulz, S. Páll, J. C. Smith, B. Hess, E.
Lindahl
GROMACS: High performance molecular simulations through multi-level
parallelism from laptops to supercomputers
SoftwareX 1 (2015) pp. 19-25
-------- -------- --- Thank You --- -------- --------


++++ PLEASE READ AND CITE THE FOLLOWING REFERENCE ++++
S. Páll, M. J. Abraham, C. Kutzner, B. Hess, E. Lindahl
Tackling Exascale Software Challenges in Molecular Dynamics Simulations with
GROMACS
In S. Markidis & E. Laure (Eds.), Solving Software Challenges for Exascale 8759 (2015) pp. 3-27
-------- -------- --- Thank You --- -------- --------


++++ PLEASE READ AND CITE THE FOLLOWING REFERENCE ++++
S. Pronk, S. Páll, R. Schulz, P. Larsson, P. Bjelkmar, R. Apostolov, M. R.
Shirts, J. C. Smith, P. M. Kasson, D. van der Spoel, B. Hess, and E. Lindahl
GROMACS 4.5: a high-throughput and highly parallel open source molecular
simulation toolkit
Bioinformatics 29 (2013) pp. 845-54
-------- -------- --- Thank You --- -------- --------


++++ PLEASE READ AND CITE THE FOLLOWING REFERENCE ++++
B. Hess and C. Kutzner and D. van der Spoel and E. Lindahl
GROMACS 4: Algorithms for highly efficient, load-balanced, and scalable
molecular simulation
J. Chem. Theory Comput. 4 (2008) pp. 435-447
-------- -------- --- Thank You --- -------- --------


++++ PLEASE READ AND CITE THE FOLLOWING REFERENCE ++++
D. van der Spoel, E. Lindahl, B. Hess, G. Groenhof, A. E. Mark and H. J. C.
Berendsen
GROMACS: Fast, Flexible and Free
J. Comp. Chem. 26 (2005) pp. 1701-1719
-------- -------- --- Thank You --- -------- --------


++++ PLEASE READ AND CITE THE FOLLOWING REFERENCE ++++
E. Lindahl and B. Hess and D. van der Spoel
GROMACS 3.0: A package for molecular simulation and trajectory analysis
J. Mol. Mod. 7 (2001) pp. 306-317
-------- -------- --- Thank You --- -------- --------


++++ PLEASE READ AND CITE THE FOLLOWING REFERENCE ++++
H. J. C. Berendsen, D. van der Spoel and R. van Drunen
GROMACS: A message-passing parallel molecular dynamics implementation
Comp. Phys. Comm. 91 (1995) pp. 43-56
-------- -------- --- Thank You --- -------- --------

Input Parameters:
   integrator                     = md
   tinit                          = 0
   dt                             = 0.002
   nsteps                         = 5000000
   init-step                      = 0
   simulation-part                = 1
   mts                            = false
   comm-mode                      = Linear
   nstcomm                        = 1000
   bd-fric                        = 0
   ld-seed                        = -33761541
   emtol                          = 10
   emstep                         = 0.01
   niter                          = 20
   fcstep                         = 0
   nstcgsteep                     = 1000
   nbfgscorr                      = 10
   rtpi                           = 0.05
   nstxout                        = 0
   nstvout                        = 0
   nstfout                        = 0
   nstlog                         = 5000
   nstcalcenergy                  = 100
   nstenergy                      = 5000
   nstxout-compressed             = 500
   compressed-x-precision         = 1000
   cutoff-scheme                  = Verlet
   nstlist                        = 10
   pbc                            = xyz
   periodic-molecules             = false
   verlet-buffer-tolerance        = 0.005
   rlist                          = 1.034
   coulombtype                    = Cut-off
   coulomb-modifier               = Potential-shift
   rcoulomb-switch                = 0
   rcoulomb                       = 1
   epsilon-r                      = 1
   epsilon-rf                     = inf
   vdw-type                       = Cut-off
   vdw-modifier                   = Potential-shift
   rvdw-switch                    = 0
   rvdw                           = 1
   DispCorr                       = No
   table-extension                = 1
   fourierspacing                 = 0.12
   fourier-nx                     = 0
   fourier-ny                     = 0
   fourier-nz                     = 0
   pme-order                      = 4
   ewald-rtol                     = 1e-05
   ewald-rtol-lj                  = 0.001
   lj-pme-comb-rule               = Geometric
   ewald-geometry                 = 0
   epsilon-surface                = 0
   tcoupl                         = V-rescale
   nsttcouple                     = 10
   nh-chain-length                = 0
   print-nose-hoover-chain-variables = false
   pcoupl                         = No
   pcoupltype                     = Isotropic
   nstpcouple                     = -1
   tau-p                          = 1
   compressibility (3x3):
      compressibility[    0]={ 0.00000e+00,  0.00000e+00,  0.00000e+00}
      compressibility[    1]={ 0.00000e+00,  0.00000e+00,  0.00000e+00}
      compressibility[    2]={ 0.00000e+00,  0.00000e+00,  0.00000e+00}
   ref-p (3x3):
      ref-p[    0]={ 0.00000e+00,  0.00000e+00,  0.00000e+00}
      ref-p[    1]={ 0.00000e+00,  0.00000e+00,  0.00000e+00}
      ref-p[    2]={ 0.00000e+00,  0.00000e+00,  0.00000e+00}
   refcoord-scaling               = No
   posres-com (3):
      posres-com[0]= 0.00000e+00
      posres-com[1]= 0.00000e+00
      posres-com[2]= 0.00000e+00
   posres-comB (3):
      posres-comB[0]= 0.00000e+00
      posres-comB[1]= 0.00000e+00
      posres-comB[2]= 0.00000e+00
   QMMM                           = false
qm-opts:
   ngQM                           = 0
   constraint-algorithm           = Lincs
   continuation                   = false
   Shake-SOR                      = false
   shake-tol                      = 0.0001
   lincs-order                    = 4
   lincs-iter                     = 4
   lincs-warnangle                = 30
   nwall                          = 0
   wall-type                      = 9-3
   wall-r-linpot                  = -1
   wall-atomtype[0]               = -1
   wall-atomtype[1]               = -1
   wall-density[0]                = 0
   wall-density[1]                = 0
   wall-ewald-zfac                = 3
   pull                           = false
   awh                            = false
   rotation                       = false
   interactiveMD                  = false
   disre                          = No
   disre-weighting                = Conservative
   disre-mixed                    = false
   dr-fc                          = 1000
   dr-tau                         = 0
   nstdisreout                    = 100
   orire-fc                       = 0
   orire-tau                      = 0
   nstorireout                    = 100
   free-energy                    = no
   cos-acceleration               = 0
   deform (3x3):
      deform[    0]={ 0.00000e+00,  0.00000e+00,  0.00000e+00}
      deform[    1]={ 0.00000e+00,  0.00000e+00,  0.00000e+00}
      deform[    2]={ 0.00000e+00,  0.00000e+00,  0.00000e+00}
   simulated-tempering            = false
   swapcoords                     = no
   userint1                       = 0
   userint2                       = 0
   userint3                       = 0
   userint4                       = 0
   userreal1                      = 0
   userreal2                      = 0
   userreal3                      = 0
   userreal4                      = 0
   applied-forces:
     electric-field:
       x:
         E0                       = 0
         omega                    = 0
         t0                       = 0
         sigma                    = 0
       y:
         E0                       = 0
         omega                    = 0
         t0                       = 0
         sigma                    = 0
       z:
         E0                       = 0
         omega                    = 0
         t0                       = 0
         sigma                    = 0
     density-guided-simulation:
       active                     = false
       group                      = protein
       similarity-measure         = inner-product
       atom-spreading-weight      = unity
       force-constant             = 1e+09
       gaussian-transform-spreading-width = 0.2
       gaussian-transform-spreading-range-in-multiples-of-width = 4
       reference-density-filename = reference.mrc
       nst                        = 1
       normalize-densities        = true
       adaptive-force-scaling     = false
       adaptive-force-scaling-time-constant = 4
grpopts:
   nrdf:          51
   ref-t:         300
   tau-t:         0.1
annealing:          No
annealing-npoints:           0
   acc:	           0           0           0
   nfreeze:           N           N           N
   energygrp-flags[  0]: 0

The -nsteps functionality is deprecated, and may be removed in a future version. Consider using gmx convert-tpr -nsteps or changing the appropriate .mdp file field.

Overriding nsteps with value passed on the command line: 500000 steps, 1e+03 ps
Changing nstlist from 10 to 50, rlist from 1.034 to 1.219


Using 1 MPI process
Using 1 OpenMP thread 


NOTE: Thread affinity was not set.
System total charge: -0.000
Potential shift: LJ r^-12: -1.000e+00 r^-6: -1.000e+00, Coulomb -1e+00
Generated table with 1109 data points for 1-4 COUL.
Tabscale = 500 points/nm
Generated table with 1109 data points for 1-4 LJ6.
Tabscale = 500 points/nm
Generated table with 1109 data points for 1-4 LJ12.
Tabscale = 500 points/nm


Using SIMD 4x8 nonbonded short-range kernels

Using a dual 4x8 pair-list setup updated with dynamic pruning:
  outer list: updated every 50 steps, buffer 0.219 nm, rlist 1.219 nm
  inner list: updated every  4 steps, buffer 0.006 nm, rlist 1.006 nm
At tolerance 0.005 kJ/mol/ps per atom, equivalent classical 1x1 list would be:
  outer list: updated every 50 steps, buffer 0.282 nm, rlist 1.282 nm
  inner list: updated every  4 steps, buffer 0.011 nm, rlist 1.011 nm

Using Lorentz-Berthelot Lennard-Jones combination rule
Removing pbc first time

Initializing LINear Constraint Solver

++++ PLEASE READ AND CITE THE FOLLOWING REFERENCE ++++
B. Hess and H. Bekker and H. J. C. Berendsen and J. G. E. M. Fraaije
LINCS: A Linear Constraint Solver for molecular simulations
J. Comp. Chem. 18 (1997) pp. 1463-1472
-------- -------- --- Thank You --- -------- --------

The number of constraints is 12

++++ PLEASE READ AND CITE THE FOLLOWING REFERENCE ++++
G. Bussi, D. Donadio and M. Parrinello
Canonical sampling through velocity rescaling
J. Chem. Phys. 126 (2007) pp. 014101
-------- -------- --- Thank You --- -------- --------

There are: 22 Atoms

Constraining the starting coordinates (step 0)

Constraining the coordinates at t0-dt (step 0)
Center of mass motion removal mode is Linear
We have the following groups for center of mass motion removal:
  0:  rest
RMS relative constraint deviation after constraining: 3.01e-07
Initial temperature: 319.447 K

PLUMED: PLUMED is starting
PLUMED: Version: 2.9.0-dev (git: a42f79bef-dirty) compiled on Mar 21 2022 at 00:05:45
PLUMED: Please cite these papers when using PLUMED [1][2]
PLUMED: For further information see the PLUMED web page at http://www.plumed.org
PLUMED: Root: /home/lbonati@iit.local/software/plumed/mpi-master/lib/plumed
PLUMED: For installed feature, see /home/lbonati@iit.local/software/plumed/mpi-master/lib/plumed/src/config/config.txt
PLUMED: Molecular dynamics engine: gromacs
PLUMED: Precision of reals: 4
PLUMED: Running over 1 node
PLUMED: Number of threads: 1
PLUMED: Cache line size: 512
PLUMED: Number of atoms: 22
PLUMED: File suffix: 
PLUMED: FILE: plumed.dat
PLUMED: Action MOLINFO
PLUMED:   with label @0
PLUMED:   pdb file named input.ala2.pdb contains 1 chains 
PLUMED:   chain named   contains residues 1 to 3 and atoms 1 to 22 
PLUMED: Action TORSION
PLUMED:   with label phi
PLUMED:   between atoms 5 7 9 15
PLUMED:   using periodic boundary conditions
PLUMED: Action TORSION
PLUMED:   with label psi
PLUMED:   between atoms 7 9 15 17
PLUMED:   using periodic boundary conditions
PLUMED: Action TORSION
PLUMED:   with label theta
PLUMED:   between atoms 6 5 7 9
PLUMED:   using periodic boundary conditions
PLUMED: Action TORSION
PLUMED:   with label xi
PLUMED:   between atoms 16 15 17 19
PLUMED:   using periodic boundary conditions
PLUMED: Action ENERGY
PLUMED:   with label ene
PLUMED:   Bibliography [3][4]
PLUMED: Action INCLUDE
PLUMED:   with label @6
PLUMED: FILE: ../plumed-distances.dat
PLUMED: Action DISTANCE
PLUMED:   with label d_2_5
PLUMED:   between atoms 2 5
PLUMED:   using periodic boundary conditions
PLUMED: Action DISTANCE
PLUMED:   with label d_2_6
PLUMED:   between atoms 2 6
PLUMED:   using periodic boundary conditions
PLUMED: Action DISTANCE
PLUMED:   with label d_2_7
PLUMED:   between atoms 2 7
PLUMED:   using periodic boundary conditions
PLUMED: Action DISTANCE
PLUMED:   with label d_2_9
PLUMED:   between atoms 2 9
PLUMED:   using periodic boundary conditions
PLUMED: Action DISTANCE
PLUMED:   with label d_2_11
PLUMED:   between atoms 2 11
PLUMED:   using periodic boundary conditions
PLUMED: Action DISTANCE
PLUMED:   with label d_2_15
PLUMED:   between atoms 2 15
PLUMED:   using periodic boundary conditions
PLUMED: Action DISTANCE
PLUMED:   with label d_2_16
PLUMED:   between atoms 2 16
PLUMED:   using periodic boundary conditions
PLUMED: Action DISTANCE
PLUMED:   with label d_2_17
PLUMED:   between atoms 2 17
PLUMED:   using periodic boundary conditions
PLUMED: Action DISTANCE
PLUMED:   with label d_2_19
PLUMED:   between atoms 2 19
PLUMED:   using periodic boundary conditions
PLUMED: Action DISTANCE
PLUMED:   with label d_5_6
PLUMED:   between atoms 5 6
PLUMED:   using periodic boundary conditions
PLUMED: Action DISTANCE
PLUMED:   with label d_5_7
PLUMED:   between atoms 5 7
PLUMED:   using periodic boundary conditions
PLUMED: Action DISTANCE
PLUMED:   with label d_5_9
PLUMED:   between atoms 5 9
PLUMED:   using periodic boundary conditions
PLUMED: Action DISTANCE
PLUMED:   with label d_5_11
PLUMED:   between atoms 5 11
PLUMED:   using periodic boundary conditions
PLUMED: Action DISTANCE
PLUMED:   with label d_5_15
PLUMED:   between atoms 5 15
PLUMED:   using periodic boundary conditions
PLUMED: Action DISTANCE
PLUMED:   with label d_5_16
PLUMED:   between atoms 5 16
PLUMED:   using periodic boundary conditions
PLUMED: Action DISTANCE
PLUMED:   with label d_5_17
PLUMED:   between atoms 5 17
PLUMED:   using periodic boundary conditions
PLUMED: Action DISTANCE
PLUMED:   with label d_5_19
PLUMED:   between atoms 5 19
PLUMED:   using periodic boundary conditions
PLUMED: Action DISTANCE
PLUMED:   with label d_6_7
PLUMED:   between atoms 6 7
PLUMED:   using periodic boundary conditions
PLUMED: Action DISTANCE
PLUMED:   with label d_6_9
PLUMED:   between atoms 6 9
PLUMED:   using periodic boundary conditions
PLUMED: Action DISTANCE
PLUMED:   with label d_6_11
PLUMED:   between atoms 6 11
PLUMED:   using periodic boundary conditions
PLUMED: Action DISTANCE
PLUMED:   with label d_6_15
PLUMED:   between atoms 6 15
PLUMED:   using periodic boundary conditions
PLUMED: Action DISTANCE
PLUMED:   with label d_6_16
PLUMED:   between atoms 6 16
PLUMED:   using periodic boundary conditions
PLUMED: Action DISTANCE
PLUMED:   with label d_6_17
PLUMED:   between atoms 6 17
PLUMED:   using periodic boundary conditions
PLUMED: Action DISTANCE
PLUMED:   with label d_6_19
PLUMED:   between atoms 6 19
PLUMED:   using periodic boundary conditions
PLUMED: Action DISTANCE
PLUMED:   with label d_7_9
PLUMED:   between atoms 7 9
PLUMED:   using periodic boundary conditions
PLUMED: Action DISTANCE
PLUMED:   with label d_7_11
PLUMED:   between atoms 7 11
PLUMED:   using periodic boundary conditions
PLUMED: Action DISTANCE
PLUMED:   with label d_7_15
PLUMED:   between atoms 7 15
PLUMED:   using periodic boundary conditions
PLUMED: Action DISTANCE
PLUMED:   with label d_7_16
PLUMED:   between atoms 7 16
PLUMED:   using periodic boundary conditions
PLUMED: Action DISTANCE
PLUMED:   with label d_7_17
PLUMED:   between atoms 7 17
PLUMED:   using periodic boundary conditions
PLUMED: Action DISTANCE
PLUMED:   with label d_7_19
PLUMED:   between atoms 7 19
PLUMED:   using periodic boundary conditions
PLUMED: Action DISTANCE
PLUMED:   with label d_9_11
PLUMED:   between atoms 9 11
PLUMED:   using periodic boundary conditions
PLUMED: Action DISTANCE
PLUMED:   with label d_9_15
PLUMED:   between atoms 9 15
PLUMED:   using periodic boundary conditions
PLUMED: Action DISTANCE
PLUMED:   with label d_9_16
PLUMED:   between atoms 9 16
PLUMED:   using periodic boundary conditions
PLUMED: Action DISTANCE
PLUMED:   with label d_9_17
PLUMED:   between atoms 9 17
PLUMED:   using periodic boundary conditions
PLUMED: Action DISTANCE
PLUMED:   with label d_9_19
PLUMED:   between atoms 9 19
PLUMED:   using periodic boundary conditions
PLUMED: Action DISTANCE
PLUMED:   with label d_11_15
PLUMED:   between atoms 11 15
PLUMED:   using periodic boundary conditions
PLUMED: Action DISTANCE
PLUMED:   with label d_11_16
PLUMED:   between atoms 11 16
PLUMED:   using periodic boundary conditions
PLUMED: Action DISTANCE
PLUMED:   with label d_11_17
PLUMED:   between atoms 11 17
PLUMED:   using periodic boundary conditions
PLUMED: Action DISTANCE
PLUMED:   with label d_11_19
PLUMED:   between atoms 11 19
PLUMED:   using periodic boundary conditions
PLUMED: Action DISTANCE
PLUMED:   with label d_15_16
PLUMED:   between atoms 15 16
PLUMED:   using periodic boundary conditions
PLUMED: Action DISTANCE
PLUMED:   with label d_15_17
PLUMED:   between atoms 15 17
PLUMED:   using periodic boundary conditions
PLUMED: Action DISTANCE
PLUMED:   with label d_15_19
PLUMED:   between atoms 15 19
PLUMED:   using periodic boundary conditions
PLUMED: Action DISTANCE
PLUMED:   with label d_16_17
PLUMED:   between atoms 16 17
PLUMED:   using periodic boundary conditions
PLUMED: Action DISTANCE
PLUMED:   with label d_16_19
PLUMED:   between atoms 16 19
PLUMED:   using periodic boundary conditions
PLUMED: Action DISTANCE
PLUMED:   with label d_17_19
PLUMED:   between atoms 17 19
PLUMED:   using periodic boundary conditions
PLUMED: END FILE: ../plumed-distances.dat
PLUMED: Action PRINT
PLUMED:   with label @52
PLUMED:   with stride 100
PLUMED:   with arguments phi psi theta xi ene d_2_5 d_2_6 d_2_7 d_2_9 d_2_11 d_2_15 d_2_16 d_2_17 d_2_19 d_5_6 d_5_7 d_5_9 d_5_11 d_5_15 d_5_16 d_5_17 d_5_19 d_6_7 d_6_9 d_6_11 d_6_15 d_6_16 d_6_17 d_6_19 d_7_9 d_7_11 d_7_15 d_7_16 d_7_17 d_7_19 d_9_11 d_9_15 d_9_16 d_9_17 d_9_19 d_11_15 d_11_16 d_11_17 d_11_19 d_15_16 d_15_17 d_15_19 d_16_17 d_16_19 d_17_19
PLUMED:   on file COLVAR
PLUMED:   with format  %g
PLUMED: Action ENDPLUMED
PLUMED:   with label @53
PLUMED: END FILE: plumed.dat
PLUMED: Timestep: 0.002000
PLUMED: KbT: 2.494339
PLUMED: Relevant bibliography:
PLUMED:   [1] The PLUMED consortium, Nat. Methods 16, 670 (2019)
PLUMED:   [2] Tribello, Bonomi, Branduardi, Camilloni, and Bussi, Comput. Phys. Commun. 185, 604 (2014)
PLUMED:   [3] Bartels and Karplus, J. Phys. Chem. B 102, 865 (1998)
PLUMED:   [4] Bonomi and Parrinello, J. Comp. Chem. 30, 1615 (2009)
PLUMED: Please read and cite where appropriate!
PLUMED: Finished setup
Started mdrun on rank 0 Sun Apr  3 19:44:39 2022

           Step           Time
              0        0.00000

   Energies (kJ/mol)
           Bond          Angle    Proper Dih.  Improper Dih.          LJ-14
    1.68856e-01    3.40851e+01    3.95943e+01    1.31851e+00    1.86903e+01
     Coulomb-14        LJ (SR)   Coulomb (SR)      Potential    Kinetic En.
    1.92734e+02   -1.87724e+00   -3.11961e+02   -2.72478e+01    7.43997e+01
   Total Energy  Conserved En.    Temperature Pressure (bar)   Constr. rmsd
    4.71519e+01    4.71519e+01    3.50911e+02    9.82781e+01    3.55552e-07

           Step           Time
           5000       10.00000

   Energies (kJ/mol)
           Bond          Angle    Proper Dih.  Improper Dih.          LJ-14
    1.27785e+01    4.05019e+01    4.44190e+01    2.65967e+00    1.13005e+01
     Coulomb-14        LJ (SR)   Coulomb (SR)      Potential    Kinetic En.
    1.72637e+02    3.68418e+00   -3.27178e+02   -3.91975e+01    5.30699e+01
   Total Energy  Conserved En.    Temperature Pressure (bar)   Constr. rmsd
    1.38724e+01    5.25364e+01    2.50307e+02    1.45775e+02    3.45416e-07

           Step           Time
          10000       20.00000

   Energies (kJ/mol)
           Bond          Angle    Proper Dih.  Improper Dih.          LJ-14
    8.86817e+00    6.12121e+01    4.28832e+01    2.97506e+00    1.22487e+01
     Coulomb-14        LJ (SR)   Coulomb (SR)      Potential    Kinetic En.
    1.62418e+02   -6.41119e+00   -3.02894e+02   -1.86996e+01    6.37939e+01
   Total Energy  Conserved En.    Temperature Pressure (bar)   Constr. rmsd
    4.50943e+01    5.63698e+01    3.00888e+02    5.04848e+01    4.18296e-07

           Step           Time
          15000       30.00000

   Energies (kJ/mol)
           Bond          Angle    Proper Dih.  Improper Dih.          LJ-14
    7.70699e+00    4.68545e+01    4.28712e+01    2.26672e+00    7.58920e+00
     Coulomb-14        LJ (SR)   Coulomb (SR)      Potential    Kinetic En.
    1.77014e+02    6.68440e-01   -3.27920e+02   -4.29488e+01    6.44226e+01
   Total Energy  Conserved En.    Temperature Pressure (bar)   Constr. rmsd
    2.14738e+01    5.95597e+01    3.03853e+02   -5.95757e+01    1.25264e-07

           Step           Time
          20000       40.00000

   Energies (kJ/mol)
           Bond          Angle    Proper Dih.  Improper Dih.          LJ-14
    9.27742e+00    4.19243e+01    4.08734e+01    1.06620e+00    9.86343e+00
     Coulomb-14        LJ (SR)   Coulomb (SR)      Potential    Kinetic En.
    1.67803e+02    7.81059e+00   -3.26423e+02   -4.78044e+01    6.54287e+01
   Total Energy  Conserved En.    Temperature Pressure (bar)   Constr. rmsd
    1.76243e+01    6.15175e+01    3.08598e+02   -2.16048e+01    3.13515e-07

           Step           Time
          25000       50.00000

   Energies (kJ/mol)
           Bond          Angle    Proper Dih.  Improper Dih.          LJ-14
    8.36802e+00    6.54110e+01    4.48736e+01    7.08126e+00    8.64448e+00
     Coulomb-14        LJ (SR)   Coulomb (SR)      Potential    Kinetic En.
    1.71061e+02   -3.09536e+00   -3.17298e+02   -1.49542e+01    7.21251e+01
   Total Energy  Conserved En.    Temperature Pressure (bar)   Constr. rmsd
    5.71709e+01    7.20218e+01    3.40183e+02   -1.22472e+01    2.48154e-07

           Step           Time
          30000       60.00000

   Energies (kJ/mol)
           Bond          Angle    Proper Dih.  Improper Dih.          LJ-14
    4.89287e+00    4.59749e+01    4.96485e+01    3.17858e-01    8.07495e+00
     Coulomb-14        LJ (SR)   Coulomb (SR)      Potential    Kinetic En.
    1.89672e+02   -3.49166e+00   -3.35944e+02   -4.08538e+01    7.35700e+01
   Total Energy  Conserved En.    Temperature Pressure (bar)   Constr. rmsd
    3.27162e+01    7.95672e+01    3.46997e+02    4.42317e+01    3.61743e-07

           Step           Time
          35000       70.00000

   Energies (kJ/mol)
           Bond          Angle    Proper Dih.  Improper Dih.          LJ-14
    5.94952e+00    3.71807e+01    5.59570e+01    4.88742e+00    1.41127e+01
     Coulomb-14        LJ (SR)   Coulomb (SR)      Potential    Kinetic En.
    1.80278e+02    6.50674e+00   -3.37230e+02   -3.23588e+01    5.68336e+01
   Total Energy  Conserved En.    Temperature Pressure (bar)   Constr. rmsd
    2.44748e+01    9.23386e+01    2.68059e+02    1.56277e+02    2.80628e-07

           Step           Time
          40000       80.00000

   Energies (kJ/mol)
           Bond          Angle    Proper Dih.  Improper Dih.          LJ-14
    8.45363e+00    4.00715e+01    3.89549e+01    3.61478e+00    1.98243e+01
     Coulomb-14        LJ (SR)   Coulomb (SR)      Potential    Kinetic En.
    1.87630e+02    7.81461e-01   -3.27640e+02   -2.83097e+01    4.91191e+01
   Total Energy  Conserved En.    Temperature Pressure (bar)   Constr. rmsd
    2.08094e+01    9.34527e+01    2.31673e+02    1.85875e+02    3.20057e-07

           Step           Time
          45000       90.00000

   Energies (kJ/mol)
           Bond          Angle    Proper Dih.  Improper Dih.          LJ-14
    6.87848e+00    5.67135e+01    5.88985e+01    9.13940e+00    8.24321e+00
     Coulomb-14        LJ (SR)   Coulomb (SR)      Potential    Kinetic En.
    1.80613e+02   -6.62826e+00   -3.20955e+02   -7.09769e+00    7.74352e+01
   Total Energy  Conserved En.    Temperature Pressure (bar)   Constr. rmsd
    7.03375e+01    1.02801e+02    3.65228e+02   -4.80447e+01    4.29126e-07

           Step           Time
          50000      100.00000

   Energies (kJ/mol)
           Bond          Angle    Proper Dih.  Improper Dih.          LJ-14
    1.38118e+01    7.16653e+01    4.87909e+01    4.44412e+00    1.36146e+01
     Coulomb-14        LJ (SR)   Coulomb (SR)      Potential    Kinetic En.
    1.73015e+02   -6.59344e+00   -3.19635e+02   -8.87115e-01    6.00803e+01
   Total Energy  Conserved En.    Temperature Pressure (bar)   Constr. rmsd
    5.91932e+01    1.04317e+02    2.83373e+02   -3.14870e-01    3.61334e-07

           Step           Time
          55000      110.00000

   Energies (kJ/mol)
           Bond          Angle    Proper Dih.  Improper Dih.          LJ-14
    1.72855e+01    3.70600e+01    5.18829e+01    1.70003e+00    1.35029e+01
     Coulomb-14        LJ (SR)   Coulomb (SR)      Potential    Kinetic En.
    1.83887e+02    5.01372e+00   -3.39121e+02   -2.87892e+01    4.72357e+01
   Total Energy  Conserved En.    Temperature Pressure (bar)   Constr. rmsd
    1.84465e+01    9.98338e+01    2.22790e+02    1.31561e+02    2.60948e-07

           Step           Time
          60000      120.00000

   Energies (kJ/mol)
           Bond          Angle    Proper Dih.  Improper Dih.          LJ-14
    2.06330e+01    7.03141e+01    6.31517e+01    5.29772e+00    1.31240e+01
     Coulomb-14        LJ (SR)   Coulomb (SR)      Potential    Kinetic En.
    1.72493e+02   -1.51005e+00   -3.25306e+02    1.81974e+01    6.95888e+01
   Total Energy  Conserved En.    Temperature Pressure (bar)   Constr. rmsd
    8.77862e+01    1.05219e+02    3.28220e+02    4.56120e+01    2.32127e-07

           Step           Time
          65000      130.00000

   Energies (kJ/mol)
           Bond          Angle    Proper Dih.  Improper Dih.          LJ-14
    2.98246e+01    6.15222e+01    4.16340e+01    1.77456e+00    8.68705e+00
     Coulomb-14        LJ (SR)   Coulomb (SR)      Potential    Kinetic En.
    1.75811e+02   -3.50273e-03   -3.25296e+02   -6.04617e+00    5.21818e+01
   Total Energy  Conserved En.    Temperature Pressure (bar)   Constr. rmsd
    4.61356e+01    1.14700e+02    2.46119e+02    2.07375e+01    2.23683e-07

           Step           Time
          70000      140.00000

   Energies (kJ/mol)
           Bond          Angle    Proper Dih.  Improper Dih.          LJ-14
    5.47983e+00    4.99945e+01    6.14683e+01    2.63603e+00    9.87074e+00
     Coulomb-14        LJ (SR)   Coulomb (SR)      Potential    Kinetic En.
    1.89238e+02    1.98987e+00   -3.38363e+02   -1.76852e+01    6.82771e+01
   Total Energy  Conserved En.    Temperature Pressure (bar)   Constr. rmsd
    5.05919e+01    1.16215e+02    3.22033e+02   -3.30313e+01    2.92508e-07

           Step           Time
          75000      150.00000

   Energies (kJ/mol)
           Bond          Angle    Proper Dih.  Improper Dih.          LJ-14
    1.62440e+01    3.77039e+01    6.47281e+01    1.59561e+00    1.65541e+01
     Coulomb-14        LJ (SR)   Coulomb (SR)      Potential    Kinetic En.
    1.80459e+02    4.11432e+00   -3.37110e+02   -1.57115e+01    6.24721e+01
   Total Energy  Conserved En.    Temperature Pressure (bar)   Constr. rmsd
    4.67606e+01    1.18588e+02    2.94654e+02   -9.20951e+01    2.64889e-07

           Step           Time
          80000      160.00000

   Energies (kJ/mol)
           Bond          Angle    Proper Dih.  Improper Dih.          LJ-14
    2.67072e+01    6.86815e+01    5.56057e+01    3.40614e+00    5.79524e+00
     Coulomb-14        LJ (SR)   Coulomb (SR)      Potential    Kinetic En.
    1.69682e+02   -4.79205e+00   -3.19225e+02    5.86130e+00    5.67577e+01
   Total Energy  Conserved En.    Temperature Pressure (bar)   Constr. rmsd
    6.26190e+01    1.19950e+02    2.67701e+02   -1.14589e+02    2.95529e-07

           Step           Time
          85000      170.00000

   Energies (kJ/mol)
           Bond          Angle    Proper Dih.  Improper Dih.          LJ-14
    2.09642e+01    4.58691e+01    4.70422e+01    3.28927e+00    9.94664e+00
     Coulomb-14        LJ (SR)   Coulomb (SR)      Potential    Kinetic En.
    1.79929e+02    6.83459e+00   -3.31073e+02   -1.71983e+01    8.41244e+01
   Total Energy  Conserved En.    Temperature Pressure (bar)   Constr. rmsd
    6.69260e+01    1.13953e+02    3.96778e+02   -1.34627e+01    3.81656e-07

           Step           Time
          90000      180.00000

   Energies (kJ/mol)
           Bond          Angle    Proper Dih.  Improper Dih.          LJ-14
    1.16222e+01    4.96776e+01    4.61441e+01    1.62211e+00    1.31063e+01
     Coulomb-14        LJ (SR)   Coulomb (SR)      Potential    Kinetic En.
    1.85460e+02    1.39395e+00   -3.27405e+02   -1.83790e+01    1.01223e+02
   Total Energy  Conserved En.    Temperature Pressure (bar)   Constr. rmsd
    8.28442e+01    1.13728e+02    4.77426e+02    6.37779e+00    2.75839e-07

           Step           Time
          95000      190.00000

   Energies (kJ/mol)
           Bond          Angle    Proper Dih.  Improper Dih.          LJ-14
    1.03317e+01    4.97884e+01    5.04035e+01    1.43254e+00    1.16460e+01
     Coulomb-14        LJ (SR)   Coulomb (SR)      Potential    Kinetic En.
    1.87026e+02    4.67890e-01   -3.36484e+02   -2.53884e+01    6.33416e+01
   Total Energy  Conserved En.    Temperature Pressure (bar)   Constr. rmsd
    3.79532e+01    1.17684e+02    2.98755e+02    6.87145e+01    3.13043e-07

           Step           Time
         100000      200.00000

   Energies (kJ/mol)
           Bond          Angle    Proper Dih.  Improper Dih.          LJ-14
    3.35354e+01    5.75319e+01    5.29425e+01    1.82348e+00    6.61886e+00
     Coulomb-14        LJ (SR)   Coulomb (SR)      Potential    Kinetic En.
    1.72631e+02   -6.33644e+00   -3.20684e+02   -1.93784e+00    6.32846e+01
   Total Energy  Conserved En.    Temperature Pressure (bar)   Constr. rmsd
    6.13468e+01    1.23702e+02    2.98486e+02   -9.87286e+01    2.59240e-07

           Step           Time
         105000      210.00000

   Energies (kJ/mol)
           Bond          Angle    Proper Dih.  Improper Dih.          LJ-14
    2.67643e+01    3.57535e+01    5.23038e+01    1.60438e+00    1.14956e+01
     Coulomb-14        LJ (SR)   Coulomb (SR)      Potential    Kinetic En.
    1.74287e+02    2.06658e+00   -3.25480e+02   -2.12044e+01    6.28866e+01
   Total Energy  Conserved En.    Temperature Pressure (bar)   Constr. rmsd
    4.16821e+01    1.25325e+02    2.96608e+02   -3.10014e+01    3.61743e-07

           Step           Time
         110000      220.00000

   Energies (kJ/mol)
           Bond          Angle    Proper Dih.  Improper Dih.          LJ-14
    1.76749e+01    4.27135e+01    5.11970e+01    6.90513e-01    8.11307e+00
     Coulomb-14        LJ (SR)   Coulomb (SR)      Potential    Kinetic En.
    1.79199e+02   -3.14355e+00   -3.32319e+02   -3.58747e+01    6.99070e+01
   Total Energy  Conserved En.    Temperature Pressure (bar)   Constr. rmsd
    3.40323e+01    1.22408e+02    3.29721e+02   -1.00603e+01    3.12095e-07

           Step           Time
         115000      230.00000

   Energies (kJ/mol)
           Bond          Angle    Proper Dih.  Improper Dih.          LJ-14
    6.22845e+00    3.65993e+01    5.21115e+01    2.68401e+00    8.44063e+00
     Coulomb-14        LJ (SR)   Coulomb (SR)      Potential    Kinetic En.
    1.85754e+02    5.84227e-01   -3.35755e+02   -4.33529e+01    5.29223e+01
   Total Energy  Conserved En.    Temperature Pressure (bar)   Constr. rmsd
    9.56936e+00    1.24513e+02    2.49611e+02    1.26406e+00    3.01480e-07

           Step           Time
         120000      240.00000

   Energies (kJ/mol)
           Bond          Angle    Proper Dih.  Improper Dih.          LJ-14
    1.04372e+01    3.54189e+01    6.49970e+01    2.60683e+00    1.32373e+01
     Coulomb-14        LJ (SR)   Coulomb (SR)      Potential    Kinetic En.
    1.89422e+02   -1.05873e+00   -3.33112e+02   -1.80521e+01    5.15165e+01
   Total Energy  Conserved En.    Temperature Pressure (bar)   Constr. rmsd
    3.34643e+01    1.22365e+02    2.42981e+02    7.91105e+01    1.83714e-07

           Step           Time
         125000      250.00000

   Energies (kJ/mol)
           Bond          Angle    Proper Dih.  Improper Dih.          LJ-14
    6.52459e+00    4.74656e+01    5.20651e+01    3.51445e+00    6.89513e+00
     Coulomb-14        LJ (SR)   Coulomb (SR)      Potential    Kinetic En.
    1.88706e+02    7.46440e+00   -3.42892e+02   -3.02565e+01    5.97921e+01
   Total Energy  Conserved En.    Temperature Pressure (bar)   Constr. rmsd
    2.95356e+01    1.34963e+02    2.82013e+02    3.45937e+01    3.41103e-07

           Step           Time
         130000      260.00000

   Energies (kJ/mol)
           Bond          Angle    Proper Dih.  Improper Dih.          LJ-14
    1.55453e+01    5.34472e+01    4.54944e+01    1.03701e+00    8.20000e+00
     Coulomb-14        LJ (SR)   Coulomb (SR)      Potential    Kinetic En.
    1.78886e+02    7.91908e+00   -3.36569e+02   -2.60393e+01    5.59519e+01
   Total Energy  Conserved En.    Temperature Pressure (bar)   Constr. rmsd
    2.99126e+01    1.36118e+02    2.63901e+02    1.06097e+02    3.45844e-07

           Step           Time
         135000      270.00000

   Energies (kJ/mol)
           Bond          Angle    Proper Dih.  Improper Dih.          LJ-14
    6.87533e+00    4.68230e+01    4.95443e+01    7.94218e-01    9.97876e+00
     Coulomb-14        LJ (SR)   Coulomb (SR)      Potential    Kinetic En.
    1.73276e+02    3.52046e+00   -3.28951e+02   -3.81390e+01    5.75399e+01
   Total Energy  Conserved En.    Temperature Pressure (bar)   Constr. rmsd
    1.94009e+01    1.38855e+02    2.71391e+02    1.21165e+01    2.92002e-07

           Step           Time
         140000      280.00000

   Energies (kJ/mol)
           Bond          Angle    Proper Dih.  Improper Dih.          LJ-14
    1.11379e+01    4.95898e+01    6.23041e+01    2.16674e+00    1.12144e+01
     Coulomb-14        LJ (SR)   Coulomb (SR)      Potential    Kinetic En.
    1.80807e+02    8.76001e-01   -3.34570e+02   -1.64743e+01    5.67702e+01
   Total Energy  Conserved En.    Temperature Pressure (bar)   Constr. rmsd
    4.02959e+01    1.43664e+02    2.67760e+02    1.09595e+02    2.30206e-07

           Step           Time
         145000      290.00000

   Energies (kJ/mol)
           Bond          Angle    Proper Dih.  Improper Dih.          LJ-14
    1.90094e+01    5.40240e+01    4.94620e+01    1.86338e+00    1.10860e+01
     Coulomb-14        LJ (SR)   Coulomb (SR)      Potential    Kinetic En.
    1.74904e+02   -6.99763e+00   -3.20211e+02   -1.68594e+01    7.85431e+01
   Total Energy  Conserved En.    Temperature Pressure (bar)   Constr. rmsd
    6.16837e+01    1.56712e+02    3.70453e+02    1.17217e+02    3.73025e-07

           Step           Time
         150000      300.00000

   Energies (kJ/mol)
           Bond          Angle    Proper Dih.  Improper Dih.          LJ-14
    6.92774e+00    6.85054e+01    4.13260e+01    1.35115e+01    1.04646e+01
     Coulomb-14        LJ (SR)   Coulomb (SR)      Potential    Kinetic En.
    1.73486e+02    6.96301e+00   -3.28705e+02   -7.52066e+00    5.71514e+01
   Total Energy  Conserved En.    Temperature Pressure (bar)   Constr. rmsd
    4.96307e+01    1.58543e+02    2.69558e+02    2.79548e+01    3.49675e-07

           Step           Time
         155000      310.00000

   Energies (kJ/mol)
           Bond          Angle    Proper Dih.  Improper Dih.          LJ-14
    1.65863e+01    4.17082e+01    4.98579e+01    3.10136e+00    9.95625e+00
     Coulomb-14        LJ (SR)   Coulomb (SR)      Potential    Kinetic En.
    1.80309e+02    6.36947e-01   -3.30722e+02   -2.85659e+01    9.06153e+01
   Total Energy  Conserved En.    Temperature Pressure (bar)   Constr. rmsd
    6.20494e+01    1.58624e+02    4.27393e+02    1.05426e+01    4.28435e-07

           Step           Time
         160000      320.00000

   Energies (kJ/mol)
           Bond          Angle    Proper Dih.  Improper Dih.          LJ-14
    6.76171e+00    5.74229e+01    5.04274e+01    3.12523e+00    1.20094e+01
     Coulomb-14        LJ (SR)   Coulomb (SR)      Potential    Kinetic En.
    1.81425e+02    3.99727e-01   -3.34538e+02   -2.29665e+01    6.28660e+01
   Total Energy  Conserved En.    Temperature Pressure (bar)   Constr. rmsd
    3.98995e+01    1.64198e+02    2.96512e+02    8.52218e+01    3.37175e-07

           Step           Time
         165000      330.00000

   Energies (kJ/mol)
           Bond          Angle    Proper Dih.  Improper Dih.          LJ-14
    2.45008e+01    4.58736e+01    4.16629e+01    5.46105e+00    1.02718e+01
     Coulomb-14        LJ (SR)   Coulomb (SR)      Potential    Kinetic En.
    1.72371e+02   -6.70008e+00   -3.08657e+02   -1.52163e+01    6.01420e+01
   Total Energy  Conserved En.    Temperature Pressure (bar)   Constr. rmsd
    4.49257e+01    1.73194e+02    2.83664e+02   -1.07232e+02    3.85899e-07

           Step           Time
         170000      340.00000

   Energies (kJ/mol)
           Bond          Angle    Proper Dih.  Improper Dih.          LJ-14
    7.90182e+00    5.86960e+01    5.07442e+01    9.48868e-01    7.39777e+00
     Coulomb-14        LJ (SR)   Coulomb (SR)      Potential    Kinetic En.
    1.80755e+02   -3.85867e+00   -3.18679e+02   -1.60941e+01    5.43756e+01
   Total Energy  Conserved En.    Temperature Pressure (bar)   Constr. rmsd
    3.82815e+01    1.70811e+02    2.56466e+02   -4.37177e+01    2.80628e-07

           Step           Time
         175000      350.00000

   Energies (kJ/mol)
           Bond          Angle    Proper Dih.  Improper Dih.          LJ-14
    1.73978e+01    3.48901e+01    4.52098e+01    1.99461e+00    8.91366e+00
     Coulomb-14        LJ (SR)   Coulomb (SR)      Potential    Kinetic En.
    1.74904e+02   -5.48063e+00   -3.08922e+02   -3.10928e+01    5.02755e+01
   Total Energy  Conserved En.    Temperature Pressure (bar)   Constr. rmsd
    1.91828e+01    1.78288e+02    2.37128e+02   -1.07588e+01    3.26921e-07

           Step           Time
         180000      360.00000

   Energies (kJ/mol)
           Bond          Angle    Proper Dih.  Improper Dih.          LJ-14
    7.25995e+00    3.17888e+01    3.90009e+01    2.30185e+00    1.21560e+01
     Coulomb-14        LJ (SR)   Coulomb (SR)      Potential    Kinetic En.
    1.82031e+02    1.34699e+01   -3.32767e+02   -4.47589e+01    4.10466e+01
   Total Energy  Conserved En.    Temperature Pressure (bar)   Constr. rmsd
   -3.71235e+00    1.83540e+02    1.93599e+02   -3.71505e+01    1.92373e-07

           Step           Time
         185000      370.00000

   Energies (kJ/mol)
           Bond          Angle    Proper Dih.  Improper Dih.          LJ-14
    1.89231e+01    3.92056e+01    5.91653e+01    1.88022e+00    7.25979e+00
     Coulomb-14        LJ (SR)   Coulomb (SR)      Potential    Kinetic En.
    1.64790e+02    1.35392e+00   -3.23982e+02   -3.14049e+01    4.39560e+01
   Total Energy  Conserved En.    Temperature Pressure (bar)   Constr. rmsd
    1.25511e+01    1.95334e+02    2.07321e+02   -2.09143e+02    3.00989e-07

           Step           Time
         190000      380.00000

   Energies (kJ/mol)
           Bond          Angle    Proper Dih.  Improper Dih.          LJ-14
    2.73556e+01    5.16030e+01    4.43976e+01    1.43693e+00    1.03798e+01
     Coulomb-14        LJ (SR)   Coulomb (SR)      Potential    Kinetic En.
    1.68567e+02   -7.40323e-01   -3.21868e+02   -1.88687e+01    8.23006e+01
   Total Energy  Conserved En.    Temperature Pressure (bar)   Constr. rmsd
    6.34319e+01    1.98617e+02    3.88176e+02    2.93772e+00    3.61334e-07

           Step           Time
         195000      390.00000

   Energies (kJ/mol)
           Bond          Angle    Proper Dih.  Improper Dih.          LJ-14
    1.59672e+01    4.42501e+01    4.92265e+01    2.11956e+00    1.05034e+01
     Coulomb-14        LJ (SR)   Coulomb (SR)      Potential    Kinetic En.
    1.82760e+02   -3.95301e+00   -3.25461e+02   -2.45866e+01    5.56204e+01
   Total Energy  Conserved En.    Temperature Pressure (bar)   Constr. rmsd
    3.10338e+01    2.11998e+02    2.62337e+02    6.53090e+01    3.10192e-07

           Step           Time
         200000      400.00000

   Energies (kJ/mol)
           Bond          Angle    Proper Dih.  Improper Dih.          LJ-14
    1.11037e+01    4.05110e+01    5.11919e+01    3.55721e+00    9.79835e+00
     Coulomb-14        LJ (SR)   Coulomb (SR)      Potential    Kinetic En.
    1.73997e+02   -1.87055e+00   -3.30034e+02   -4.17449e+01    8.51640e+01
   Total Energy  Conserved En.    Temperature Pressure (bar)   Constr. rmsd
    4.34191e+01    2.12871e+02    4.01682e+02   -1.02230e+01    2.86888e-07

           Step           Time
         205000      410.00000

   Energies (kJ/mol)
           Bond          Angle    Proper Dih.  Improper Dih.          LJ-14
    9.61774e+00    4.56407e+01    4.41691e+01    1.61434e+00    1.31887e+01
     Coulomb-14        LJ (SR)   Coulomb (SR)      Potential    Kinetic En.
    1.81529e+02    9.32345e+00   -3.40449e+02   -3.53663e+01    6.57321e+01
   Total Energy  Conserved En.    Temperature Pressure (bar)   Constr. rmsd
    3.03658e+01    2.16578e+02    3.10030e+02    1.84472e+02    2.23683e-07

           Step           Time
         210000      420.00000

   Energies (kJ/mol)
           Bond          Angle    Proper Dih.  Improper Dih.          LJ-14
    2.32791e+01    2.60564e+01    5.29909e+01    8.88166e-01    8.93398e+00
     Coulomb-14        LJ (SR)   Coulomb (SR)      Potential    Kinetic En.
    1.94490e+02    8.17975e+00   -3.42982e+02   -2.81633e+01    6.01991e+01
   Total Energy  Conserved En.    Temperature Pressure (bar)   Constr. rmsd
    3.20358e+01    2.24699e+02    2.83933e+02   -1.39781e+02    1.85318e-07

           Step           Time
         215000      430.00000

   Energies (kJ/mol)
           Bond          Angle    Proper Dih.  Improper Dih.          LJ-14
    1.78171e+01    4.86860e+01    5.17269e+01    1.34716e+00    7.65972e+00
     Coulomb-14        LJ (SR)   Coulomb (SR)      Potential    Kinetic En.
    1.76212e+02   -1.56021e+00   -3.27643e+02   -2.57542e+01    8.29495e+01
   Total Energy  Conserved En.    Temperature Pressure (bar)   Constr. rmsd
    5.71953e+01    2.23925e+02    3.91236e+02   -9.93913e+00    2.55212e-07

           Step           Time
         220000      440.00000

   Energies (kJ/mol)
           Bond          Angle    Proper Dih.  Improper Dih.          LJ-14
    1.33732e+01    3.45507e+01    5.31208e+01    2.57386e+00    1.39555e+01
     Coulomb-14        LJ (SR)   Coulomb (SR)      Potential    Kinetic En.
    1.84203e+02    3.44722e+00   -3.31215e+02   -2.59908e+01    6.87668e+01
   Total Energy  Conserved En.    Temperature Pressure (bar)   Constr. rmsd
    4.27760e+01    2.31003e+02    3.24343e+02    1.02292e+02    3.25105e-07

           Step           Time
         225000      450.00000

   Energies (kJ/mol)
           Bond          Angle    Proper Dih.  Improper Dih.          LJ-14
    1.39026e+01    5.49755e+01    4.32460e+01    1.85969e+00    8.35596e+00
     Coulomb-14        LJ (SR)   Coulomb (SR)      Potential    Kinetic En.
    1.70908e+02    8.57932e+00   -3.32214e+02   -3.03871e+01    5.94175e+01
   Total Energy  Conserved En.    Temperature Pressure (bar)   Constr. rmsd
    2.90304e+01    2.35160e+02    2.80247e+02    8.05755e+01    2.97028e-07

           Step           Time
         230000      460.00000

   Energies (kJ/mol)
           Bond          Angle    Proper Dih.  Improper Dih.          LJ-14
    1.23490e+01    6.14754e+01    5.10151e+01    1.11348e+00    7.64037e+00
     Coulomb-14        LJ (SR)   Coulomb (SR)      Potential    Kinetic En.
    1.83160e+02    3.48174e+00   -3.38593e+02   -1.83584e+01    9.22211e+01
   Total Energy  Conserved En.    Temperature Pressure (bar)   Constr. rmsd
    7.38627e+01    2.43792e+02    4.34966e+02    3.03897e+00    2.04314e-07

           Step           Time
         235000      470.00000

   Energies (kJ/mol)
           Bond          Angle    Proper Dih.  Improper Dih.          LJ-14
    2.08680e+01    4.93653e+01    3.89504e+01    5.30046e+00    1.34753e+01
     Coulomb-14        LJ (SR)   Coulomb (SR)      Potential    Kinetic En.
    1.83259e+02    8.50258e+00   -3.32241e+02   -1.25203e+01    7.04252e+01
   Total Energy  Conserved En.    Temperature Pressure (bar)   Constr. rmsd
    5.79048e+01    2.47521e+02    3.32165e+02    1.73927e+02    2.54631e-07

           Step           Time
         240000      480.00000

   Energies (kJ/mol)
           Bond          Angle    Proper Dih.  Improper Dih.          LJ-14
    8.89453e+00    6.07021e+01    4.70612e+01    3.18533e+00    9.04050e+00
     Coulomb-14        LJ (SR)   Coulomb (SR)      Potential    Kinetic En.
    1.69451e+02    7.82144e-01   -3.24962e+02   -2.58447e+01    5.30188e+01
   Total Energy  Conserved En.    Temperature Pressure (bar)   Constr. rmsd
    2.71741e+01    2.60650e+02    2.50066e+02   -6.59040e+01    2.19001e-07

           Step           Time
         245000      490.00000

   Energies (kJ/mol)
           Bond          Angle    Proper Dih.  Improper Dih.          LJ-14
    1.52543e+01    5.50500e+01    4.93838e+01    1.48724e+00    7.84579e+00
     Coulomb-14        LJ (SR)   Coulomb (SR)      Potential    Kinetic En.
    1.69057e+02   -1.90829e+00   -3.21996e+02   -2.58266e+01    6.58672e+01
   Total Energy  Conserved En.    Temperature Pressure (bar)   Constr. rmsd
    4.00407e+01    2.72557e+02    3.10667e+02   -1.00715e+02    3.63377e-07

           Step           Time
         250000      500.00000

   Energies (kJ/mol)
           Bond          Angle    Proper Dih.  Improper Dih.          LJ-14
    4.90004e+00    3.64820e+01    5.77660e+01    1.36393e+00    1.45494e+01
     Coulomb-14        LJ (SR)   Coulomb (SR)      Potential    Kinetic En.
    1.78770e+02   -1.31786e+00   -3.32255e+02   -3.97412e+01    4.82633e+01
   Total Energy  Conserved En.    Temperature Pressure (bar)   Constr. rmsd
    8.52202e+00    2.86710e+02    2.27637e+02    2.59322e+01    2.29562e-07

           Step           Time
         255000      510.00000

   Energies (kJ/mol)
           Bond          Angle    Proper Dih.  Improper Dih.          LJ-14
    1.65414e+01    4.21237e+01    5.90125e+01    2.42151e+00    7.46149e+00
     Coulomb-14        LJ (SR)   Coulomb (SR)      Potential    Kinetic En.
    1.78714e+02   -5.39693e+00   -3.23836e+02   -2.29579e+01    5.66385e+01
   Total Energy  Conserved En.    Temperature Pressure (bar)   Constr. rmsd
    3.36805e+01    2.95098e+02    2.67139e+02   -1.37535e+02    2.86888e-07

           Step           Time
         260000      520.00000

   Energies (kJ/mol)
           Bond          Angle    Proper Dih.  Improper Dih.          LJ-14
    7.82208e+00    4.04964e+01    5.29369e+01    1.02293e+00    1.15701e+01
     Coulomb-14        LJ (SR)   Coulomb (SR)      Potential    Kinetic En.
    1.79760e+02    1.26663e+00   -3.31756e+02   -3.68811e+01    6.98972e+01
   Total Energy  Conserved En.    Temperature Pressure (bar)   Constr. rmsd
    3.30160e+01    2.98016e+02    3.29674e+02    1.20774e+01    2.36549e-07

           Step           Time
         265000      530.00000

   Energies (kJ/mol)
           Bond          Angle    Proper Dih.  Improper Dih.          LJ-14
    1.43334e+01    5.70717e+01    5.42058e+01    8.46998e-01    1.17625e+01
     Coulomb-14        LJ (SR)   Coulomb (SR)      Potential    Kinetic En.
    1.76071e+02   -4.86328e+00   -3.27341e+02   -1.79126e+01    6.21397e+01
   Total Energy  Conserved En.    Temperature Pressure (bar)   Constr. rmsd
    4.42271e+01    2.99945e+02    2.93086e+02   -3.01747e+01    2.69322e-07

           Step           Time
         270000      540.00000

   Energies (kJ/mol)
           Bond          Angle    Proper Dih.  Improper Dih.          LJ-14
    7.41645e+00    4.72546e+01    4.67565e+01    1.52411e+00    1.28508e+01
     Coulomb-14        LJ (SR)   Coulomb (SR)      Potential    Kinetic En.
    1.71269e+02   -1.52263e+00   -3.24561e+02   -3.90124e+01    4.94180e+01
   Total Energy  Conserved En.    Temperature Pressure (bar)   Constr. rmsd
    1.04057e+01    3.05412e+02    2.33083e+02   -3.79717e+01    3.55968e-07

           Step           Time
         275000      550.00000

   Energies (kJ/mol)
           Bond          Angle    Proper Dih.  Improper Dih.          LJ-14
    1.34535e+01    6.44423e+01    4.41257e+01    5.59021e+00    9.56031e+00
     Coulomb-14        LJ (SR)   Coulomb (SR)      Potential    Kinetic En.
    1.64448e+02   -4.50175e+00   -3.07903e+02   -1.07845e+01    5.61554e+01
   Total Energy  Conserved En.    Temperature Pressure (bar)   Constr. rmsd
    4.53709e+01    3.19379e+02    2.64861e+02   -4.76087e+01    2.34032e-07

           Step           Time
         280000      560.00000

   Energies (kJ/mol)
           Bond          Angle    Proper Dih.  Improper Dih.          LJ-14
    1.22266e+01    5.14780e+01    4.79313e+01    2.49208e-01    6.89268e+00
     Coulomb-14        LJ (SR)   Coulomb (SR)      Potential    Kinetic En.
    1.77428e+02    1.67641e+01   -3.41778e+02   -2.88080e+01    7.42034e+01
   Total Energy  Conserved En.    Temperature Pressure (bar)   Constr. rmsd
    4.53955e+01    3.29216e+02    3.49985e+02   -3.69484e+01    2.56369e-07

           Step           Time
         285000      570.00000

   Energies (kJ/mol)
           Bond          Angle    Proper Dih.  Improper Dih.          LJ-14
    2.58883e+01    5.90180e+01    5.06339e+01    1.46078e+00    6.98055e+00
     Coulomb-14        LJ (SR)   Coulomb (SR)      Potential    Kinetic En.
    2.00089e+02    5.99068e+00   -3.47075e+02    2.98553e+00    4.68691e+01
   Total Energy  Conserved En.    Temperature Pressure (bar)   Constr. rmsd
    4.98546e+01    3.29467e+02    2.21061e+02   -2.36484e+02    4.07177e-07

           Step           Time
         290000      580.00000

   Energies (kJ/mol)
           Bond          Angle    Proper Dih.  Improper Dih.          LJ-14
    1.51064e+01    3.97362e+01    5.70659e+01    1.73464e+00    1.48748e+01
     Coulomb-14        LJ (SR)   Coulomb (SR)      Potential    Kinetic En.
    1.87404e+02   -1.24830e+00   -3.32525e+02   -1.78512e+01    6.22314e+01
   Total Energy  Conserved En.    Temperature Pressure (bar)   Constr. rmsd
    4.43802e+01    3.28779e+02    2.93518e+02    1.61548e+02    3.50943e-07

           Step           Time
         295000      590.00000

   Energies (kJ/mol)
           Bond          Angle    Proper Dih.  Improper Dih.          LJ-14
    6.47193e+00    6.67310e+01    4.39356e+01    7.46006e+00    1.08817e+01
     Coulomb-14        LJ (SR)   Coulomb (SR)      Potential    Kinetic En.
    1.82554e+02    6.31636e+00   -3.35046e+02   -1.06949e+01    5.98113e+01
   Total Energy  Conserved En.    Temperature Pressure (bar)   Constr. rmsd
    4.91164e+01    3.34022e+02    2.82104e+02   -2.68126e+01    2.58669e-07

           Step           Time
         300000      600.00000

   Energies (kJ/mol)
           Bond          Angle    Proper Dih.  Improper Dih.          LJ-14
    5.87673e+00    5.12734e+01    5.54131e+01    7.84863e-01    1.12158e+01
     Coulomb-14        LJ (SR)   Coulomb (SR)      Potential    Kinetic En.
    1.83491e+02   -2.65129e+00   -3.37250e+02   -3.18465e+01    5.97249e+01
   Total Energy  Conserved En.    Temperature Pressure (bar)   Constr. rmsd
    2.78785e+01    3.42219e+02    2.81696e+02    1.43846e+02    2.46958e-07

           Step           Time
         305000      610.00000

   Energies (kJ/mol)
           Bond          Angle    Proper Dih.  Improper Dih.          LJ-14
    2.24890e+01    6.18214e+01    5.54504e+01    9.26832e-01    1.08761e+01
     Coulomb-14        LJ (SR)   Coulomb (SR)      Potential    Kinetic En.
    1.76727e+02   -2.62112e+00   -3.23059e+02    2.61050e+00    8.52479e+01
   Total Energy  Conserved En.    Temperature Pressure (bar)   Constr. rmsd
    8.78584e+01    3.65907e+02    4.02077e+02   -8.13894e+01    3.22361e-07

           Step           Time
         310000      620.00000

   Energies (kJ/mol)
           Bond          Angle    Proper Dih.  Improper Dih.          LJ-14
    1.13934e+01    6.08730e+01    3.91225e+01    2.35102e+00    8.72174e+00
     Coulomb-14        LJ (SR)   Coulomb (SR)      Potential    Kinetic En.
    1.81928e+02   -8.89423e-01   -3.23597e+02   -2.00964e+01    8.79425e+01
   Total Energy  Conserved En.    Temperature Pressure (bar)   Constr. rmsd
    6.78461e+01    3.69267e+02    4.14786e+02   -5.95151e+01    3.49675e-07

           Step           Time
         315000      630.00000

   Energies (kJ/mol)
           Bond          Angle    Proper Dih.  Improper Dih.          LJ-14
    7.38523e+00    4.83367e+01    4.46981e+01    3.56840e+00    9.52806e+00
     Coulomb-14        LJ (SR)   Coulomb (SR)      Potential    Kinetic En.
    1.82715e+02   -5.28401e-01   -3.25215e+02   -2.95122e+01    7.06602e+01
   Total Energy  Conserved En.    Temperature Pressure (bar)   Constr. rmsd
    4.11480e+01    3.71913e+02    3.33273e+02   -6.50485e+01    2.12134e-07

           Step           Time
         320000      640.00000

   Energies (kJ/mol)
           Bond          Angle    Proper Dih.  Improper Dih.          LJ-14
    8.53205e+00    3.20064e+01    4.34443e+01    2.61004e+00    1.15528e+01
     Coulomb-14        LJ (SR)   Coulomb (SR)      Potential    Kinetic En.
    1.89319e+02   -1.25367e+00   -3.27866e+02   -4.16547e+01    8.18457e+01
   Total Energy  Conserved En.    Temperature Pressure (bar)   Constr. rmsd
    4.01910e+01    3.74604e+02    3.86030e+02    1.17514e+01    2.95028e-07

           Step           Time
         325000      650.00000

   Energies (kJ/mol)
           Bond          Angle    Proper Dih.  Improper Dih.          LJ-14
    4.16363e+00    3.37503e+01    6.51951e+01    6.71516e-01    1.02438e+01
     Coulomb-14        LJ (SR)   Coulomb (SR)      Potential    Kinetic En.
    1.83059e+02    5.27427e-03   -3.30986e+02   -3.38974e+01    5.76184e+01
   Total Energy  Conserved En.    Temperature Pressure (bar)   Constr. rmsd
    2.37210e+01    3.79902e+02    2.71761e+02    2.61119e+01    2.25660e-07

           Step           Time
         330000      660.00000

   Energies (kJ/mol)
           Bond          Angle    Proper Dih.  Improper Dih.          LJ-14
    1.22432e+01    6.68782e+01    5.13348e+01    2.26937e-01    1.44742e+01
     Coulomb-14        LJ (SR)   Coulomb (SR)      Potential    Kinetic En.
    1.77316e+02    6.99227e+00   -3.31072e+02   -1.60651e+00    4.34839e+01
   Total Energy  Conserved En.    Temperature Pressure (bar)   Constr. rmsd
    4.18774e+01    3.88285e+02    2.05094e+02    6.57207e+01    3.40669e-07

           Step           Time
         335000      670.00000

   Energies (kJ/mol)
           Bond          Angle    Proper Dih.  Improper Dih.          LJ-14
    7.73299e+00    7.19606e+01    5.26591e+01    9.82642e-01    1.21464e+01
     Coulomb-14        LJ (SR)   Coulomb (SR)      Potential    Kinetic En.
    1.76618e+02    3.51856e+00   -3.35206e+02   -9.58728e+00    7.56599e+01
   Total Energy  Conserved En.    Temperature Pressure (bar)   Constr. rmsd
    6.60726e+01    3.93187e+02    3.56855e+02    5.26289e+01    2.46958e-07

           Step           Time
         340000      680.00000

   Energies (kJ/mol)
           Bond          Angle    Proper Dih.  Improper Dih.          LJ-14
    1.42027e+01    7.50442e+01    4.70187e+01    1.49877e+00    8.26494e+00
     Coulomb-14        LJ (SR)   Coulomb (SR)      Potential    Kinetic En.
    1.71010e+02   -6.98688e+00   -3.10191e+02   -1.38580e-01    6.41202e+01
   Total Energy  Conserved En.    Temperature Pressure (bar)   Constr. rmsd
    6.39816e+01    3.96321e+02    3.02427e+02   -1.00284e+02    3.52206e-07

           Step           Time
         345000      690.00000

   Energies (kJ/mol)
           Bond          Angle    Proper Dih.  Improper Dih.          LJ-14
    1.52380e+01    3.65776e+01    5.35375e+01    4.01706e+00    1.50732e+01
     Coulomb-14        LJ (SR)   Coulomb (SR)      Potential    Kinetic En.
    1.96237e+02    5.32513e+00   -3.44970e+02   -1.89649e+01    1.01912e+02
   Total Energy  Conserved En.    Temperature Pressure (bar)   Constr. rmsd
    8.29469e+01    3.99470e+02    4.80674e+02    9.97450e+01    3.81656e-07

           Step           Time
         350000      700.00000

   Energies (kJ/mol)
           Bond          Angle    Proper Dih.  Improper Dih.          LJ-14
    1.40183e+01    5.63900e+01    4.46980e+01    4.11600e-01    1.31167e+01
     Coulomb-14        LJ (SR)   Coulomb (SR)      Potential    Kinetic En.
    1.69900e+02    3.42198e+00   -3.29322e+02   -2.73656e+01    6.22545e+01
   Total Energy  Conserved En.    Temperature Pressure (bar)   Constr. rmsd
    3.48889e+01    4.17160e+02    2.93627e+02   -4.80198e+01    3.80101e-07

           Step           Time
         355000      710.00000

   Energies (kJ/mol)
           Bond          Angle    Proper Dih.  Improper Dih.          LJ-14
    9.55230e+00    3.69453e+01    5.33420e+01    1.18896e+00    9.46008e+00
     Coulomb-14        LJ (SR)   Coulomb (SR)      Potential    Kinetic En.
    1.78116e+02    1.43003e+00   -3.31797e+02   -4.17625e+01    7.99388e+01
   Total Energy  Conserved En.    Temperature Pressure (bar)   Constr. rmsd
    3.81763e+01    4.26091e+02    3.77036e+02   -4.08539e+01    3.00003e-07

           Step           Time
         360000      720.00000

   Energies (kJ/mol)
           Bond          Angle    Proper Dih.  Improper Dih.          LJ-14
    2.23902e+01    5.59293e+01    4.51530e+01    4.89165e+00    7.83895e+00
     Coulomb-14        LJ (SR)   Coulomb (SR)      Potential    Kinetic En.
    1.77948e+02   -4.96263e+00   -3.16478e+02   -7.29004e+00    5.39749e+01
   Total Energy  Conserved En.    Temperature Pressure (bar)   Constr. rmsd
    4.66848e+01    4.38461e+02    2.54576e+02   -2.48108e+02    3.14928e-07

           Step           Time
         365000      730.00000

   Energies (kJ/mol)
           Bond          Angle    Proper Dih.  Improper Dih.          LJ-14
    1.09567e+01    6.16193e+01    5.58592e+01    9.14431e+00    9.35626e+00
     Coulomb-14        LJ (SR)   Coulomb (SR)      Potential    Kinetic En.
    1.75422e+02   -6.02746e+00   -3.19984e+02   -3.65359e+00    6.19769e+01
   Total Energy  Conserved En.    Temperature Pressure (bar)   Constr. rmsd
    5.83233e+01    4.46525e+02    2.92318e+02   -6.36825e+01    4.36988e-07

           Step           Time
         370000      740.00000

   Energies (kJ/mol)
           Bond          Angle    Proper Dih.  Improper Dih.          LJ-14
    1.75833e+01    5.17614e+01    4.99192e+01    1.66450e+00    1.30123e+01
     Coulomb-14        LJ (SR)   Coulomb (SR)      Potential    Kinetic En.
    1.68076e+02    2.90306e+00   -3.28952e+02   -2.40322e+01    6.57313e+01
   Total Energy  Conserved En.    Temperature Pressure (bar)   Constr. rmsd
    4.16991e+01    4.51556e+02    3.10026e+02    7.28517e+00    3.16803e-07

           Step           Time
         375000      750.00000

   Energies (kJ/mol)
           Bond          Angle    Proper Dih.  Improper Dih.          LJ-14
    9.76509e+00    5.79547e+01    4.78499e+01    3.60609e+00    1.10998e+01
     Coulomb-14        LJ (SR)   Coulomb (SR)      Potential    Kinetic En.
    1.76777e+02    6.75993e+00   -3.33387e+02   -1.95737e+01    6.20572e+01
   Total Energy  Conserved En.    Temperature Pressure (bar)   Constr. rmsd
    4.24835e+01    4.57879e+02    2.92697e+02    3.38589e+01    4.12594e-07

           Step           Time
         380000      760.00000

   Energies (kJ/mol)
           Bond          Angle    Proper Dih.  Improper Dih.          LJ-14
    1.09109e+01    3.45031e+01    5.65071e+01    3.21601e+00    1.41301e+01
     Coulomb-14        LJ (SR)   Coulomb (SR)      Potential    Kinetic En.
    1.82434e+02   -1.63264e+00   -3.32270e+02   -3.22019e+01    7.04438e+01
   Total Energy  Conserved En.    Temperature Pressure (bar)   Constr. rmsd
    3.82419e+01    4.60106e+02    3.32253e+02    1.36661e+02    3.08278e-07

           Step           Time
         385000      770.00000

   Energies (kJ/mol)
           Bond          Angle    Proper Dih.  Improper Dih.          LJ-14
    1.74803e+01    5.03732e+01    4.87248e+01    1.30682e+00    9.07452e+00
     Coulomb-14        LJ (SR)   Coulomb (SR)      Potential    Kinetic En.
    1.76829e+02    4.57561e+00   -3.34106e+02   -2.57414e+01    8.16666e+01
   Total Energy  Conserved En.    Temperature Pressure (bar)   Constr. rmsd
    5.59252e+01    4.67880e+02    3.85186e+02   -2.04324e+01    3.74609e-07

           Step           Time
         390000      780.00000

   Energies (kJ/mol)
           Bond          Angle    Proper Dih.  Improper Dih.          LJ-14
    7.55274e+00    3.85203e+01    5.44859e+01    2.04326e+00    1.24196e+01
     Coulomb-14        LJ (SR)   Coulomb (SR)      Potential    Kinetic En.
    1.74602e+02    1.35628e+00   -3.30256e+02   -3.92755e+01    6.01056e+01
   Total Energy  Conserved En.    Temperature Pressure (bar)   Constr. rmsd
    2.08301e+01    4.78919e+02    2.83492e+02    8.26204e+01    3.51364e-07

           Step           Time
         395000      790.00000

   Energies (kJ/mol)
           Bond          Angle    Proper Dih.  Improper Dih.          LJ-14
    1.21864e+01    3.83158e+01    5.80920e+01    1.74488e+00    2.01566e+01
     Coulomb-14        LJ (SR)   Coulomb (SR)      Potential    Kinetic En.
    1.87516e+02    2.31344e+01   -3.44236e+02   -3.08942e+00    6.46185e+01
   Total Energy  Conserved En.    Temperature Pressure (bar)   Constr. rmsd
    6.15291e+01    4.89729e+02    3.04777e+02    2.07301e+02    3.61743e-07

           Step           Time
         400000      800.00000

   Energies (kJ/mol)
           Bond          Angle    Proper Dih.  Improper Dih.          LJ-14
    7.01053e+00    4.47810e+01    4.83865e+01    4.57360e+00    9.92172e+00
     Coulomb-14        LJ (SR)   Coulomb (SR)      Potential    Kinetic En.
    1.76190e+02    2.02961e+00   -3.34920e+02   -4.20271e+01    5.83411e+01
   Total Energy  Conserved En.    Temperature Pressure (bar)   Constr. rmsd
    1.63140e+01    4.86564e+02    2.75170e+02    1.56237e+01    5.28659e-07

           Step           Time
         405000      810.00000

   Energies (kJ/mol)
           Bond          Angle    Proper Dih.  Improper Dih.          LJ-14
    2.16624e+01    2.99512e+01    5.42665e+01    5.24897e+00    1.14301e+01
     Coulomb-14        LJ (SR)   Coulomb (SR)      Potential    Kinetic En.
    1.95559e+02    1.97272e+01   -3.53324e+02   -1.54782e+01    5.98679e+01
   Total Energy  Conserved En.    Temperature Pressure (bar)   Constr. rmsd
    4.43898e+01    4.84540e+02    2.82371e+02    7.03484e+01    3.73025e-07

           Step           Time
         410000      820.00000

   Energies (kJ/mol)
           Bond          Angle    Proper Dih.  Improper Dih.          LJ-14
    1.52532e+01    3.94671e+01    5.25976e+01    3.58205e-01    1.21879e+01
     Coulomb-14        LJ (SR)   Coulomb (SR)      Potential    Kinetic En.
    1.74675e+02    6.85466e-01   -3.27120e+02   -3.18963e+01    7.09224e+01
   Total Energy  Conserved En.    Temperature Pressure (bar)   Constr. rmsd
    3.90261e+01    4.88429e+02    3.34510e+02    1.71043e+02    1.78814e-07

           Step           Time
         415000      830.00000

   Energies (kJ/mol)
           Bond          Angle    Proper Dih.  Improper Dih.          LJ-14
    1.25632e+01    5.63027e+01    5.31591e+01    1.17867e+00    1.05965e+01
     Coulomb-14        LJ (SR)   Coulomb (SR)      Potential    Kinetic En.
    1.74995e+02   -6.26876e+00   -3.25215e+02   -2.26887e+01    5.20678e+01
   Total Energy  Conserved En.    Temperature Pressure (bar)   Constr. rmsd
    2.93791e+01    4.94592e+02    2.45581e+02    8.11067e+01    3.51364e-07

           Step           Time
         420000      840.00000

   Energies (kJ/mol)
           Bond          Angle    Proper Dih.  Improper Dih.          LJ-14
    1.52236e+01    5.79134e+01    5.40841e+01    6.50422e+00    1.30991e+01
     Coulomb-14        LJ (SR)   Coulomb (SR)      Potential    Kinetic En.
    1.88101e+02    9.21555e+00   -3.50082e+02   -5.94052e+00    4.62076e+01
   Total Energy  Conserved En.    Temperature Pressure (bar)   Constr. rmsd
    4.02671e+01    5.02994e+02    2.17941e+02    1.05416e+02    4.32219e-07

           Step           Time
         425000      850.00000

   Energies (kJ/mol)
           Bond          Angle    Proper Dih.  Improper Dih.          LJ-14
    2.92785e+01    4.71197e+01    6.87843e+01    6.87284e+00    1.12336e+01
     Coulomb-14        LJ (SR)   Coulomb (SR)      Potential    Kinetic En.
    1.74880e+02   -6.04512e+00   -3.34709e+02   -2.58481e+00    6.27677e+01
   Total Energy  Conserved En.    Temperature Pressure (bar)   Constr. rmsd
    6.01829e+01    5.08043e+02    2.96048e+02    4.78683e+00    1.54857e-07

           Step           Time
         430000      860.00000

   Energies (kJ/mol)
           Bond          Angle    Proper Dih.  Improper Dih.          LJ-14
    2.27421e+01    4.64177e+01    5.38348e+01    2.73895e+00    1.00222e+01
     Coulomb-14        LJ (SR)   Coulomb (SR)      Potential    Kinetic En.
    1.78984e+02    4.34860e+00   -3.37529e+02   -1.84409e+01    7.52999e+01
   Total Energy  Conserved En.    Temperature Pressure (bar)   Constr. rmsd
    5.68590e+01    5.19628e+02    3.55157e+02    9.79959e+01    3.32310e-07

           Step           Time
         435000      870.00000

   Energies (kJ/mol)
           Bond          Angle    Proper Dih.  Improper Dih.          LJ-14
    2.32723e+01    4.51756e+01    5.11750e+01    7.15230e-01    6.98872e+00
     Coulomb-14        LJ (SR)   Coulomb (SR)      Potential    Kinetic En.
    1.88371e+02    2.70158e+00   -3.37019e+02   -1.86196e+01    6.78037e+01
   Total Energy  Conserved En.    Temperature Pressure (bar)   Constr. rmsd
    4.91841e+01    5.31351e+02    3.19800e+02   -7.20136e+01    3.26014e-07

           Step           Time
         440000      880.00000

   Energies (kJ/mol)
           Bond          Angle    Proper Dih.  Improper Dih.          LJ-14
    1.13084e+01    4.55419e+01    4.92563e+01    2.45432e+00    1.37871e+01
     Coulomb-14        LJ (SR)   Coulomb (SR)      Potential    Kinetic En.
    1.77894e+02   -7.14370e-01   -3.30897e+02   -3.13689e+01    4.59799e+01
   Total Energy  Conserved En.    Temperature Pressure (bar)   Constr. rmsd
    1.46111e+01    5.49986e+02    2.16867e+02   -4.56358e+01    2.94526e-07

           Step           Time
         445000      890.00000

   Energies (kJ/mol)
           Bond          Angle    Proper Dih.  Improper Dih.          LJ-14
    1.73455e+01    4.65705e+01    5.13920e+01    2.79018e+00    1.46041e+01
     Coulomb-14        LJ (SR)   Coulomb (SR)      Potential    Kinetic En.
    1.71247e+02    2.45378e+00   -3.22100e+02   -1.56972e+01    5.83061e+01
   Total Energy  Conserved En.    Temperature Pressure (bar)   Constr. rmsd
    4.26089e+01    5.47831e+02    2.75005e+02    7.36462e+01    3.68233e-07

           Step           Time
         450000      900.00000

   Energies (kJ/mol)
           Bond          Angle    Proper Dih.  Improper Dih.          LJ-14
    6.05034e+00    4.52179e+01    4.69911e+01    3.00320e+00    8.97863e+00
     Coulomb-14        LJ (SR)   Coulomb (SR)      Potential    Kinetic En.
    1.79643e+02   -3.12539e+00   -3.28974e+02   -4.22148e+01    5.54520e+01
   Total Energy  Conserved En.    Temperature Pressure (bar)   Constr. rmsd
    1.32371e+01    5.53781e+02    2.61543e+02    4.49750e+01    2.19676e-07

           Step           Time
         455000      910.00000

   Energies (kJ/mol)
           Bond          Angle    Proper Dih.  Improper Dih.          LJ-14
    2.26212e+01    4.34943e+01    5.06075e+01    4.30857e+00    9.48600e+00
     Coulomb-14        LJ (SR)   Coulomb (SR)      Potential    Kinetic En.
    1.80970e+02   -6.07503e+00   -3.29611e+02   -2.41981e+01    7.47841e+01
   Total Energy  Conserved En.    Temperature Pressure (bar)   Constr. rmsd
    5.05860e+01    5.55828e+02    3.52724e+02    1.59018e+01    2.10734e-07

           Step           Time
         460000      920.00000

   Energies (kJ/mol)
           Bond          Angle    Proper Dih.  Improper Dih.          LJ-14
    1.36154e+01    7.68920e+01    4.59566e+01    3.11170e+00    1.01580e+01
     Coulomb-14        LJ (SR)   Coulomb (SR)      Potential    Kinetic En.
    1.72195e+02    4.62610e+00   -3.35488e+02   -8.93335e+00    8.50582e+01
   Total Energy  Conserved En.    Temperature Pressure (bar)   Constr. rmsd
    7.61249e+01    5.71697e+02    4.01182e+02   -7.25558e+01    3.13043e-07

           Step           Time
         465000      930.00000

   Energies (kJ/mol)
           Bond          Angle    Proper Dih.  Improper Dih.          LJ-14
    8.09736e+00    5.09091e+01    6.09348e+01    6.26714e+00    1.03852e+01
     Coulomb-14        LJ (SR)   Coulomb (SR)      Potential    Kinetic En.
    1.72727e+02    2.77004e+00   -3.32612e+02   -2.05214e+01    5.96441e+01
   Total Energy  Conserved En.    Temperature Pressure (bar)   Constr. rmsd
    3.91227e+01    5.90953e+02    2.81315e+02    3.51440e+01    2.16964e-07

           Step           Time
         470000      940.00000

   Energies (kJ/mol)
           Bond          Angle    Proper Dih.  Improper Dih.          LJ-14
    5.84577e+00    4.30079e+01    5.58028e+01    7.37059e-01    1.64455e+01
     Coulomb-14        LJ (SR)   Coulomb (SR)      Potential    Kinetic En.
    1.69823e+02    8.09879e+00   -3.18400e+02   -1.86396e+01    6.89700e+01
   Total Energy  Conserved En.    Temperature Pressure (bar)   Constr. rmsd
    5.03305e+01    5.94431e+02    3.25301e+02    3.47626e+01    3.96494e-07

           Step           Time
         475000      950.00000

   Energies (kJ/mol)
           Bond          Angle    Proper Dih.  Improper Dih.          LJ-14
    1.42315e+01    6.08714e+01    7.68532e+01    7.08053e+00    9.31075e+00
     Coulomb-14        LJ (SR)   Coulomb (SR)      Potential    Kinetic En.
    1.76353e+02    1.04478e+01   -3.38600e+02    1.65490e+01    5.88419e+01
   Total Energy  Conserved En.    Temperature Pressure (bar)   Constr. rmsd
    7.53909e+01    6.01728e+02    2.77532e+02    1.29009e+02    1.96936e-07

           Step           Time
         480000      960.00000

   Energies (kJ/mol)
           Bond          Angle    Proper Dih.  Improper Dih.          LJ-14
    1.68543e+01    3.25943e+01    4.84778e+01    2.38743e+00    1.37265e+01
     Coulomb-14        LJ (SR)   Coulomb (SR)      Potential    Kinetic En.
    1.77076e+02   -6.98662e-01   -3.29869e+02   -3.94507e+01    7.05783e+01
   Total Energy  Conserved En.    Temperature Pressure (bar)   Constr. rmsd
    3.11276e+01    6.11295e+02    3.32887e+02    2.70355e+01    2.34664e-07

           Step           Time
         485000      970.00000

   Energies (kJ/mol)
           Bond          Angle    Proper Dih.  Improper Dih.          LJ-14
    1.76068e+01    3.63425e+01    3.68468e+01    2.61107e+00    1.40058e+01
     Coulomb-14        LJ (SR)   Coulomb (SR)      Potential    Kinetic En.
    1.81166e+02   -3.69141e-01   -3.13297e+02   -2.50879e+01    7.37757e+01
   Total Energy  Conserved En.    Temperature Pressure (bar)   Constr. rmsd
    4.86879e+01    6.19982e+02    3.47968e+02   -1.05519e+02    2.05758e-07

           Step           Time
         490000      980.00000

   Energies (kJ/mol)
           Bond          Angle    Proper Dih.  Improper Dih.          LJ-14
    6.34995e+00    3.92594e+01    4.98960e+01    3.55541e-01    1.10158e+01
     Coulomb-14        LJ (SR)   Coulomb (SR)      Potential    Kinetic En.
    1.84760e+02    1.54627e+01   -3.44154e+02   -3.70545e+01    5.80345e+01
   Total Energy  Conserved En.    Temperature Pressure (bar)   Constr. rmsd
    2.09800e+01    6.28030e+02    2.73723e+02    8.27672e+01    4.22170e-07

           Step           Time
         495000      990.00000

   Energies (kJ/mol)
           Bond          Angle    Proper Dih.  Improper Dih.          LJ-14
    1.98072e+01    3.22320e+01    5.35520e+01    2.83147e+00    8.01524e+00
     Coulomb-14        LJ (SR)   Coulomb (SR)      Potential    Kinetic En.
    1.73688e+02    4.83522e+00   -3.24366e+02   -2.94046e+01    6.81814e+01
   Total Energy  Conserved En.    Temperature Pressure (bar)   Constr. rmsd
    3.87768e+01    6.28004e+02    3.21582e+02   -1.16594e+02    1.83714e-07

           Step           Time
         500000     1000.00000

Writing checkpoint, step 500000 at Sun Apr  3 19:44:45 2022


   Energies (kJ/mol)
           Bond          Angle    Proper Dih.  Improper Dih.          LJ-14
    8.15155e+00    3.83860e+01    5.49191e+01    1.47799e+00    1.09653e+01
     Coulomb-14        LJ (SR)   Coulomb (SR)      Potential    Kinetic En.
    1.84148e+02    1.22385e+01   -3.40301e+02   -3.00143e+01    6.70450e+01
   Total Energy  Conserved En.    Temperature Pressure (bar)   Constr. rmsd
    3.70308e+01    6.25152e+02    3.16222e+02    1.10049e+01    4.55888e-07


Energy conservation over simulation part #1 of length 1000 ns, time 0 to 1000 ns
  Conserved energy drift: 2.63e-02 kJ/mol/ps per atom


	<======  ###############  ==>
	<====  A V E R A G E S  ====>
	<==  ###############  ======>

	Statistics over 500001 steps using 5001 frames

   Energies (kJ/mol)
           Bond          Angle    Proper Dih.  Improper Dih.          LJ-14
    1.45028e+01    4.92922e+01    5.00810e+01    2.80146e+00    1.08664e+01
     Coulomb-14        LJ (SR)   Coulomb (SR)      Potential    Kinetic En.
    1.78080e+02    1.07034e+00   -3.29178e+02   -2.24834e+01    6.40429e+01
   Total Energy  Conserved En.    Temperature Pressure (bar)   Constr. rmsd
    4.15595e+01    3.01306e+02    3.02063e+02   -6.96388e-02    0.00000e+00

   Total Virial (kJ/mol)
    2.13945e+01   -9.62832e-01   -6.92301e-01
   -9.62827e-01    2.06728e+01    3.13016e-01
   -6.92303e-01    3.13014e-01    2.21495e+01

   Pressure (bar)
    2.89914e-01    7.94993e-01    9.48480e-01
    7.94988e-01    3.45480e-01    1.99639e-01
    9.48483e-01    1.99640e-01   -8.44311e-01


	M E G A - F L O P S   A C C O U N T I N G

 NB=Group-cutoff nonbonded kernels    NxN=N-by-N cluster Verlet kernels
 RF=Reaction-Field  VdW=Van der Waals  QSTab=quadratic-spline table
 W3=SPC/TIP3p  W4=TIP4p (single or pairs)
 V&F=Potential and force  V=Potential only  F=Force only

 Computing:                               M-Number         M-Flops  % Flops
-----------------------------------------------------------------------------
 Pair Search distance check               3.751010          33.759     0.2
 NxN RF Elec. + LJ [F]                  182.160000        6922.080    38.5
 NxN RF Elec. + LJ [V&F]                  1.840368          99.380     0.6
 NxN RF Electrostatics [F]                7.920000         245.520     1.4
 NxN RF Electrostatics [V&F]              0.080016           2.881     0.0
 1,4 nonbonded interactions              20.500041        1845.004    10.3
 Shift-X                                  0.220022           1.320     0.0
 Bonds                                    4.500009         265.501     1.5
 Angles                                  18.000036        3024.006    16.8
 Propers                                 19.000038        4351.009    24.2
 Impropers                                2.000004         416.001     2.3
 Virial                                   0.335067           6.031     0.0
 Stop-CM                                  0.011044           0.110     0.0
 Calc-Ekin                                2.200044          59.401     0.3
 Lincs                                    6.000036         360.002     2.0
 Lincs-Mat                               54.000324         216.001     1.2
 Constraint-V                            12.000048         108.000     0.6
 Constraint-Vir                           0.060012           1.440     0.0
-----------------------------------------------------------------------------
 Total                                                   17957.446   100.0
-----------------------------------------------------------------------------


     R E A L   C Y C L E   A N D   T I M E   A C C O U N T I N G

On 1 MPI rank

 Computing:          Num   Num      Call    Wall time         Giga-Cycles
                     Ranks Threads  Count      (s)         total sum    %
-----------------------------------------------------------------------------
 Neighbor search        1    1      10001       0.057          0.197   0.9
 Force                  1    1     500001       2.771          9.678  42.6
 NB X/F buffer ops.     1    1     990001       0.284          0.992   4.4
 Write traj.            1    1       1001       0.099          0.346   1.5
 Update                 1    1     500001       0.287          1.002   4.4
 Constraints            1    1     500003       0.647          2.261   9.9
 Rest                                           2.365          8.260  36.3
-----------------------------------------------------------------------------
 Total                                          6.509         22.738 100.0
-----------------------------------------------------------------------------

               Core t (s)   Wall t (s)        (%)
       Time:        6.509        6.509      100.0
                 (ns/day)    (hour/ns)
Performance:    13274.143        0.002
Finished mdrun on rank 0 Sun Apr  3 19:44:45 2022

PLUMED:                                               Cycles        Total      Average      Minimum      Maximum
PLUMED:                                                    1     2.556926     2.556926     2.556926     2.556926
PLUMED: 1 Prepare dependencies                        500001     0.131708     0.000000     0.000000     0.000013
PLUMED: 2 Sharing data                                500001     0.072156     0.000000     0.000000     0.000011
PLUMED: 3 Waiting for data                            500001     0.040404     0.000000     0.000000     0.000017
PLUMED: 4 Calculating (forward loop)                  500001     0.398934     0.000001     0.000000     0.000087
PLUMED: 5 Applying (backward loop)                    500001     0.383051     0.000001     0.000001     0.000041
PLUMED: 6 Update                                      500001     0.195461     0.000000     0.000000     0.000086
